<?xml version="1.0" encoding="UTF-8"?>
<!-- Generated by org.testng.reporters.JUnitXMLReporter -->
<testsuite ignored="0" hostname="DESKTOP-8R9TJ4L" failures="3" tests="3" name="Test1" time="24.815" errors="0" timestamp="22 Jun 2021 17:51:17 GMT">
  <testcase classname="com.qaTestCase.TcAmazon" name="SearchItem" time="5.915">
    <failure type="java.lang.AssertionError">
      <![CDATA[java.lang.AssertionError
at org.junit.Assert.fail(Assert.java:86)
at org.junit.Assert.assertTrue(Assert.java:41)
at org.junit.Assert.assertTrue(Assert.java:52)
at com.qaTestCase.TcAmazon.SearchItem(TcAmazon.java:65)
... Removed 25 stack frames]]>
    </failure>
  </testcase> <!-- SearchItem -->
  <testcase classname="com.qaTestCase.TcAmazon" name="SearchItem" time="3.813">
    <failure type="java.lang.IndexOutOfBoundsException" message="Index 16 out of bounds for length 16">
      <![CDATA[java.lang.IndexOutOfBoundsException: Index 16 out of bounds for length 16
at java.base/jdk.internal.util.Preconditions.outOfBounds(Preconditions.java:64)
at java.base/jdk.internal.util.Preconditions.outOfBoundsCheckIndex(Preconditions.java:70)
at java.base/jdk.internal.util.Preconditions.checkIndex(Preconditions.java:248)
at java.base/java.util.Objects.checkIndex(Objects.java:359)
at java.base/java.util.ArrayList.get(ArrayList.java:427)
at org.openqa.selenium.support.pagefactory.internal.LocatingElementListHandler.invoke(LocatingElementListHandler.java:39)
at com.sun.proxy.$Proxy17.get(Unknown Source)
at com.qaTestCase.TcAmazon.SearchItem(TcAmazon.java:46)
... Removed 28 stack frames]]>
    </failure>
  </testcase> <!-- SearchItem -->
  <testcase classname="com.qaTestCase.TcAmazon" name="SearchItem" time="5.541">
    <failure type="java.lang.AssertionError">
      <![CDATA[java.lang.AssertionError
at org.junit.Assert.fail(Assert.java:86)
at org.junit.Assert.assertTrue(Assert.java:41)
at org.junit.Assert.assertTrue(Assert.java:52)
at com.qaTestCase.TcAmazon.SearchItem(TcAmazon.java:65)
... Removed 25 stack frames]]>
    </failure>
  </testcase> <!-- SearchItem -->
</testsuite> <!-- Test1 -->
